-- Found ament_cmake: 2.5.4 (/opt/ros/jazzy/share/ament_cmake/cmake)
-- Found ament_lint_auto: 0.17.3 (/opt/ros/jazzy/share/ament_lint_auto/cmake)
-- Added test 'cppcheck' to perform static code analysis on C / C++ code
-- Configured cppcheck include dirs: $<BUILD_INTERFACE:/home/wonho/roscpp_test/src/my_first_package_cpp/include>
-- Configured cppcheck exclude dirs and/or files: 
-- Added test 'lint_cmake' to check CMake code style
-- Added test 'uncrustify' to check C / C++ code style
-- Configured uncrustify additional arguments: 
-- Added test 'xmllint' to check XML markup files
-- Configuring done (0.4s)
-- Generating done (0.0s)
-- Build files have been written to: /home/wonho/roscpp_test/build/my_first_package_cpp
[ 75%] [32mBuilding CXX object CMakeFiles/my_subscription_cpp.dir/src/my_subscription_cpp.cpp.o[0m
[ 75%] Built target my_first_node_cpp
[100%] [32m[1mLinking CXX executable my_subscription_cpp[0m
/usr/bin/ld: /usr/lib/gcc/x86_64-linux-gnu/13/../../../x86_64-linux-gnu/Scrt1.o: in function `_start':
(.text+0x1b): undefined reference to `main'
collect2: error: ld returned 1 exit status
gmake[2]: *** [CMakeFiles/my_subscription_cpp.dir/build.make:97: my_subscription_cpp] Error 1
gmake[1]: *** [CMakeFiles/Makefile2:165: CMakeFiles/my_subscription_cpp.dir/all] Error 2
gmake: *** [Makefile:146: all] Error 2
