-- Found ament_cmake: 2.5.4 (/opt/ros/jazzy/share/ament_cmake/cmake)
-- Found rclcpp: 28.1.11 (/opt/ros/jazzy/share/rclcpp/cmake)
-- Found rosidl_generator_c: 4.6.6 (/opt/ros/jazzy/share/rosidl_generator_c/cmake)
-- Found rosidl_generator_cpp: 4.6.6 (/opt/ros/jazzy/share/rosidl_generator_cpp/cmake)
-- Using all available rosidl_typesupport_c: rosidl_typesupport_fastrtps_c;rosidl_typesupport_introspection_c
-- Using all available rosidl_typesupport_cpp: rosidl_typesupport_fastrtps_cpp;rosidl_typesupport_introspection_cpp
-- Found rmw_implementation_cmake: 7.3.2 (/opt/ros/jazzy/share/rmw_implementation_cmake/cmake)
-- Found rmw_fastrtps_cpp: 8.4.3 (/opt/ros/jazzy/share/rmw_fastrtps_cpp/cmake)
-- Using RMW implementation 'rmw_fastrtps_cpp' as default
-- Found geometry_msgs: 5.3.6 (/opt/ros/jazzy/share/geometry_msgs/cmake)
-- Found ament_lint_auto: 0.17.3 (/opt/ros/jazzy/share/ament_lint_auto/cmake)
-- Added test 'cppcheck' to perform static code analysis on C / C++ code
-- Configured cppcheck include dirs: $<BUILD_INTERFACE:/home/wonho/roscpp_test/src/my_first_package_cpp/include>
-- Configured cppcheck exclude dirs and/or files: 
-- Added test 'lint_cmake' to check CMake code style
-- Added test 'uncrustify' to check C / C++ code style
-- Configured uncrustify additional arguments: 
-- Added test 'xmllint' to check XML markup files
-- Configuring done (0.6s)
-- Generating done (0.0s)
-- Build files have been written to: /home/wonho/roscpp_test/build/my_first_package_cpp
[ 75%] Built target my_first_node_cpp
[ 75%] [32mBuilding CXX object CMakeFiles/my_subscription_cpp.dir/src/my_subscription_cpp.cpp.o[0m
[100%] [32m[1mLinking CXX executable my_subscription_cpp[0m
/usr/bin/ld: cannot find -lrclcpp: No such file or directory
/usr/bin/ld: cannot find -lgeometry_msgs: No such file or directory
collect2: error: ld returned 1 exit status
gmake[2]: *** [CMakeFiles/my_subscription_cpp.dir/build.make:178: my_subscription_cpp] Error 1
gmake[1]: *** [CMakeFiles/Makefile2:165: CMakeFiles/my_subscription_cpp.dir/all] Error 2
gmake: *** [Makefile:146: all] Error 2
